
================================================================================
ANALYZING TECHNIQUE: BASE64_ENCODED
================================================================================

[*] Analyzing: base64_encoded
================================================================================
[*] Performing static analysis...
[*] Querying VirusTotal...
[*] Querying VirusTotal for: c9a9bf04cf50ec43...
    [+] Found in VirusTotal
[*] Rate limiting: sleeping 14.8s...
[*] Querying VirusTotal for: e052624d064abb2f...
    [-] Not found in VirusTotal

[+] Original Hash: c9a9bf04cf50ec43...
[+] Modified Hash: e052624d064abb2f...
[+] File Size - Original: 4241 bytes, Modified: 5775 bytes
[+] Entropy - Original: 4.39, Modified: 5.32
[+] PE Info Preserved: True
[+] Original Detections: 0/76
[+] Modified: Not in VirusTotal database

[*] Analyzing: base64_encoded
================================================================================
[*] Performing static analysis...
[*] Querying VirusTotal...
[*] Rate limiting: sleeping 10.7s...
[*] Querying VirusTotal for: 08190f08567c26b5...
    [+] Found in VirusTotal
[*] Rate limiting: sleeping 14.8s...
[*] Querying VirusTotal for: a6343388cedf13ec...
    [-] Not found in VirusTotal

[+] Original Hash: 08190f08567c26b5...
[+] Modified Hash: a6343388cedf13ec...
[+] File Size - Original: 180736 bytes, Modified: 241103 bytes
[+] Entropy - Original: 6.96, Modified: 5.47
[+] PE Info Preserved: False
[+] Original Detections: 63/76
[+] Modified: Not in VirusTotal database

[*] Analyzing: base64_encoded
================================================================================
[*] Performing static analysis...
[*] Querying VirusTotal...
[*] Rate limiting: sleeping 0.1s...
[*] Querying VirusTotal for: 963e4260d2cabd4d...
    [+] Found in VirusTotal
[*] Rate limiting: sleeping 14.8s...
[*] Querying VirusTotal for: 7df346362ff9ea0f...
    [-] Not found in VirusTotal

[+] Original Hash: 963e4260d2cabd4d...
[+] Modified Hash: 7df346362ff9ea0f...
[+] File Size - Original: 327680 bytes, Modified: 437027 bytes
[+] Entropy - Original: 7.25, Modified: 5.59
[+] PE Info Preserved: False
[+] Original Detections: 61/76
[+] Modified: Not in VirusTotal database

[*] Analyzing: base64_encoded
================================================================================
[*] Performing static analysis...
[*] Querying VirusTotal...
[*] Rate limiting: sleeping 12.2s...
[*] Querying VirusTotal for: 9334067ed46a4d85...
    [+] Found in VirusTotal
[*] Rate limiting: sleeping 14.8s...
[*] Querying VirusTotal for: 4569927616ef525e...
    [-] Not found in VirusTotal

[+] Original Hash: 9334067ed46a4d85...
[+] Modified Hash: 4569927616ef525e...
[+] File Size - Original: 155136 bytes, Modified: 206967 bytes
[+] Entropy - Original: 7.41, Modified: 5.77
[+] PE Info Preserved: False
[+] Original Detections: 62/76
[+] Modified: Not in VirusTotal database

[*] Analyzing: base64_encoded
================================================================================
[*] Performing static analysis...
[*] Querying VirusTotal...
[*] Rate limiting: sleeping 7.3s...
[*] Querying VirusTotal for: a771a51473ab688e...
    [+] Found in VirusTotal
[*] Rate limiting: sleeping 14.7s...
[*] Querying VirusTotal for: e4e65b61a27c6e0a...
    [-] Not found in VirusTotal

[+] Original Hash: a771a51473ab688e...
[+] Modified Hash: e4e65b61a27c6e0a...
[+] File Size - Original: 312064 bytes, Modified: 416207 bytes
[+] Entropy - Original: 7.17, Modified: 5.69
[+] PE Info Preserved: False
[+] Original Detections: 66/76
[+] Modified: Not in VirusTotal database

[*] Analyzing: base64_encoded
================================================================================
[*] Performing static analysis...
[*] Querying VirusTotal...
[*] Rate limiting: sleeping 13.2s...
[*] Querying VirusTotal for: 957f4719904bbc25...
    [+] Found in VirusTotal
[*] Rate limiting: sleeping 14.7s...
[*] Querying VirusTotal for: 84ef3509368a063b...
    [-] Not found in VirusTotal

[+] Original Hash: 957f4719904bbc25...
[+] Modified Hash: 84ef3509368a063b...
[+] File Size - Original: 148992 bytes, Modified: 198775 bytes
[+] Entropy - Original: 7.87, Modified: 5.93
[+] PE Info Preserved: False
[+] Original Detections: 62/76
[+] Modified: Not in VirusTotal database

[*] Analyzing: base64_encoded
================================================================================
[*] Performing static analysis...
[*] Querying VirusTotal...
[*] Rate limiting: sleeping 13.6s...
[*] Querying VirusTotal for: 2af156b23d936ece...
    [+] Found in VirusTotal
[*] Rate limiting: sleeping 14.6s...
[*] Querying VirusTotal for: 1c2bc9ada41095c9...
    [-] Not found in VirusTotal

[+] Original Hash: 2af156b23d936ece...
[+] Modified Hash: 1c2bc9ada41095c9...
[+] File Size - Original: 118272 bytes, Modified: 157815 bytes
[+] Entropy - Original: 6.55, Modified: 5.22
[+] PE Info Preserved: False
[+] Original Detections: 63/76
[+] Modified: Not in VirusTotal database

[*] Analyzing: base64_encoded
================================================================================
[*] Performing static analysis...
[*] Querying VirusTotal...
[*] Rate limiting: sleeping 14.8s...
[*] Querying VirusTotal for: a0b226c819d35f26...
    [+] Found in VirusTotal
[*] Rate limiting: sleeping 14.8s...
[*] Querying VirusTotal for: 910ced8fa7b35aab...
    [-] Not found in VirusTotal

[+] Original Hash: a0b226c819d35f26...
[+] Modified Hash: 910ced8fa7b35aab...
[+] File Size - Original: 21504 bytes, Modified: 28791 bytes
[+] Entropy - Original: 7.57, Modified: 5.79
[+] PE Info Preserved: False
[+] Original Detections: 66/76
[+] Modified: Not in VirusTotal database

[*] Analyzing: base64_encoded
================================================================================
[*] Performing static analysis...
[*] Querying VirusTotal...
[*] Querying VirusTotal for: cb441028db30d7e4...
    [+] Found in VirusTotal
[*] Rate limiting: sleeping 14.7s...
[*] Querying VirusTotal for: 8023587edc0b6377...
    [-] Not found in VirusTotal

[+] Original Hash: cb441028db30d7e4...
[+] Modified Hash: 8023587edc0b6377...
[+] File Size - Original: 504320 bytes, Modified: 672547 bytes
[+] Entropy - Original: 6.61, Modified: 5.13
[+] PE Info Preserved: False
[+] Original Detections: 67/76
[+] Modified: Not in VirusTotal database

[*] Analyzing: base64_encoded
================================================================================
[*] Performing static analysis...
[*] Querying VirusTotal...
[*] Querying VirusTotal for: 035cc7580b73ca52...
    [+] Found in VirusTotal
[*] Rate limiting: sleeping 14.7s...
[*] Querying VirusTotal for: 7c41c96d6f2ea9d9...
    [-] Not found in VirusTotal

[+] Original Hash: 035cc7580b73ca52...
[+] Modified Hash: 7c41c96d6f2ea9d9...
[+] File Size - Original: 816640 bytes, Modified: 1088975 bytes
[+] Entropy - Original: 7.93, Modified: 5.97
[+] PE Info Preserved: False
[+] Original Detections: 63/76
[+] Modified: Not in VirusTotal database

[*] Analyzing: base64_encoded
================================================================================
[*] Performing static analysis...
[*] Querying VirusTotal...
[*] Rate limiting: sleeping 14.2s...
[*] Querying VirusTotal for: 2f2e75affe9217c7...
    [+] Found in VirusTotal
[*] Rate limiting: sleeping 14.7s...
[*] Querying VirusTotal for: ebeb491640692b3f...
    [-] Not found in VirusTotal

[+] Original Hash: 2f2e75affe9217c7...
[+] Modified Hash: ebeb491640692b3f...
[+] File Size - Original: 94720 bytes, Modified: 126415 bytes
[+] Entropy - Original: 7.44, Modified: 5.75
[+] PE Info Preserved: False
[+] Original Detections: 65/76
[+] Modified: Not in VirusTotal database

[*] Analyzing: base64_encoded
================================================================================
[*] Performing static analysis...
[*] Querying VirusTotal...
[*] Rate limiting: sleeping 10.6s...
[*] Querying VirusTotal for: 037b5e1955d0260b...
    [+] Found in VirusTotal
[*] Rate limiting: sleeping 14.8s...
[*] Querying VirusTotal for: ab0a5ba71253bc21...
    [-] Not found in VirusTotal

[+] Original Hash: 037b5e1955d0260b...
[+] Modified Hash: ab0a5ba71253bc21...
[+] File Size - Original: 247296 bytes, Modified: 329847 bytes
[+] Entropy - Original: 7.69, Modified: 5.84
[+] PE Info Preserved: False
[+] Original Detections: 58/76
[+] Modified: Not in VirusTotal database

[*] Analyzing: base64_encoded
================================================================================
[*] Performing static analysis...
[*] Querying VirusTotal...
[*] Rate limiting: sleeping 12.3s...
[*] Querying VirusTotal for: b91fe8ff5f2e08ed...
    [+] Found in VirusTotal
[*] Rate limiting: sleeping 14.8s...
[*] Querying VirusTotal for: 16ef5d8d0a5bf11a...
    [-] Not found in VirusTotal

[+] Original Hash: b91fe8ff5f2e08ed...
[+] Modified Hash: 16ef5d8d0a5bf11a...
[+] File Size - Original: 200192 bytes, Modified: 267043 bytes
[+] Entropy - Original: 6.49, Modified: 5.39
[+] PE Info Preserved: False
[+] Original Detections: 54/76
[+] Modified: Not in VirusTotal database

[*] Analyzing: base64_encoded
================================================================================
[*] Performing static analysis...
[*] Querying VirusTotal...
[*] Rate limiting: sleeping 12.5s...
[*] Querying VirusTotal for: fa4a871989a1f3f0...
    [+] Found in VirusTotal
[*] Rate limiting: sleeping 14.6s...
[*] Querying VirusTotal for: 05838835f6ff345f...
    [-] Not found in VirusTotal

[+] Original Hash: fa4a871989a1f3f0...
[+] Modified Hash: 05838835f6ff345f...
[+] File Size - Original: 212992 bytes, Modified: 284111 bytes
[+] Entropy - Original: 6.88, Modified: 5.49
[+] PE Info Preserved: False
[+] Original Detections: 57/76
[+] Modified: Not in VirusTotal database

[*] Analyzing: base64_encoded
================================================================================
[*] Performing static analysis...
[*] Querying VirusTotal...
[*] Rate limiting: sleeping 14.1s...
[*] Querying VirusTotal for: b623566eeaf17108...
    [+] Found in VirusTotal
[*] Rate limiting: sleeping 14.8s...
[*] Querying VirusTotal for: 77aba7f4f363c131...
    [-] Not found in VirusTotal

[+] Original Hash: b623566eeaf17108...
[+] Modified Hash: 77aba7f4f363c131...
[+] File Size - Original: 81408 bytes, Modified: 108663 bytes
[+] Entropy - Original: 7.73, Modified: 5.85
[+] PE Info Preserved: False
[+] Original Detections: 61/76
[+] Modified: Not in VirusTotal database

[*] Analyzing: base64_encoded
================================================================================
[*] Performing static analysis...
[*] Querying VirusTotal...
[*] Rate limiting: sleeping 5.0s...
[*] Querying VirusTotal for: 2e86348879b4b3cc...
    [+] Found in VirusTotal
[*] Rate limiting: sleeping 14.6s...
[*] Querying VirusTotal for: 511e0bd0c86a8e26...
    [-] Not found in VirusTotal

[+] Original Hash: 2e86348879b4b3cc...
[+] Modified Hash: 511e0bd0c86a8e26...
[+] File Size - Original: 356352 bytes, Modified: 475255 bytes
[+] Entropy - Original: 6.98, Modified: 5.53
[+] PE Info Preserved: False
[+] Original Detections: 59/76
[+] Modified: Not in VirusTotal database

[*] Analyzing: base64_encoded
================================================================================
[*] Performing static analysis...
[*] Querying VirusTotal...
[*] Rate limiting: sleeping 5.3s...
[*] Querying VirusTotal for: 83448cba6e41dc4b...
    [+] Found in VirusTotal
[*] Rate limiting: sleeping 14.8s...
[*] Querying VirusTotal for: 037801970b7f77b2...
    [-] Not found in VirusTotal

[+] Original Hash: 83448cba6e41dc4b...
[+] Modified Hash: 037801970b7f77b2...
[+] File Size - Original: 348160 bytes, Modified: 464335 bytes
[+] Entropy - Original: 7.81, Modified: 5.91
[+] PE Info Preserved: False
[+] Original Detections: 63/76
[+] Modified: Not in VirusTotal database

[*] Analyzing: base64_encoded
================================================================================
[*] Performing static analysis...
[*] Querying VirusTotal...
[*] Rate limiting: sleeping 14.5s...
[*] Querying VirusTotal for: 0068745cff974beb...
    [+] Found in VirusTotal
[*] Rate limiting: sleeping 14.8s...
[*] Querying VirusTotal for: deaf1c7c32c431c5...
    [-] Not found in VirusTotal

[+] Original Hash: 0068745cff974beb...
[+] Modified Hash: deaf1c7c32c431c5...
[+] File Size - Original: 78848 bytes, Modified: 105251 bytes
[+] Entropy - Original: 7.54, Modified: 5.81
[+] PE Info Preserved: False
[+] Original Detections: 20/76
[+] Modified: Not in VirusTotal database

[*] Analyzing: base64_encoded
================================================================================
[*] Performing static analysis...
[*] Querying VirusTotal...
[*] Rate limiting: sleeping 14.2s...
[*] Querying VirusTotal for: 110400982ee3eaa4...
    [+] Found in VirusTotal
[*] Rate limiting: sleeping 14.8s...
[*] Querying VirusTotal for: 857a75e8d10689c5...
    [-] Not found in VirusTotal

[+] Original Hash: 110400982ee3eaa4...
[+] Modified Hash: 857a75e8d10689c5...
[+] File Size - Original: 103424 bytes, Modified: 138019 bytes
[+] Entropy - Original: 5.64, Modified: 4.61
[+] PE Info Preserved: False
[+] Original Detections: 65/76
[+] Modified: Not in VirusTotal database

[*] Analyzing: base64_encoded
================================================================================
[*] Performing static analysis...
[*] Querying VirusTotal...
[*] Rate limiting: sleeping 13.4s...
[*] Querying VirusTotal for: 8712ddbda8a74c5f...
    [+] Found in VirusTotal
[*] Rate limiting: sleeping 14.7s...
[*] Querying VirusTotal for: 58624a0bd5e07535...
    [-] Not found in VirusTotal

[+] Original Hash: 8712ddbda8a74c5f...
[+] Modified Hash: 58624a0bd5e07535...
[+] File Size - Original: 122368 bytes, Modified: 163279 bytes
[+] Entropy - Original: 7.95, Modified: 5.92
[+] PE Info Preserved: False
[+] Original Detections: 63/76
[+] Modified: Not in VirusTotal database

[*] Analyzing: base64_encoded
================================================================================
[*] Performing static analysis...
[*] Querying VirusTotal...
[*] Querying VirusTotal for: 27fe005b363ffe89...
    [+] Found in VirusTotal
[*] Rate limiting: sleeping 14.7s...
[*] Querying VirusTotal for: 5c6e59134b114d99...
    [-] Not found in VirusTotal

[+] Original Hash: 27fe005b363ffe89...
[+] Modified Hash: 5c6e59134b114d99...
[+] File Size - Original: 908288 bytes, Modified: 1211171 bytes
[+] Entropy - Original: 7.35, Modified: 5.82
[+] PE Info Preserved: False
[+] Original Detections: 55/76
[+] Modified: Not in VirusTotal database

[*] Analyzing: base64_encoded
================================================================================
[*] Performing static analysis...
[*] Querying VirusTotal...
[*] Querying VirusTotal for: 832cafb6e88dd472...
    [+] Found in VirusTotal
[*] Rate limiting: sleeping 14.4s...
[*] Querying VirusTotal for: c00d0044bfde4181...
    [-] Not found in VirusTotal

[+] Original Hash: 832cafb6e88dd472...
[+] Modified Hash: c00d0044bfde4181...
[+] File Size - Original: 1321984 bytes, Modified: 1762767 bytes
[+] Entropy - Original: 7.48, Modified: 5.62
[+] PE Info Preserved: False
[+] Original Detections: 61/76
[+] Modified: Not in VirusTotal database

[*] Analyzing: base64_encoded
================================================================================
[*] Performing static analysis...
[*] Querying VirusTotal...
[*] Rate limiting: sleeping 13.2s...
[*] Querying VirusTotal for: 0b73e27edb527237...
    [+] Found in VirusTotal
[*] Rate limiting: sleeping 14.7s...
[*] Querying VirusTotal for: 44d9aecc2c6292ec...
    [-] Not found in VirusTotal

[+] Original Hash: 0b73e27edb527237...
[+] Modified Hash: 44d9aecc2c6292ec...
[+] File Size - Original: 134144 bytes, Modified: 178979 bytes
[+] Entropy - Original: 7.17, Modified: 5.53
[+] PE Info Preserved: False
[+] Original Detections: 61/76
[+] Modified: Not in VirusTotal database

[*] Analyzing: base64_encoded
================================================================================
[*] Performing static analysis...
[*] Querying VirusTotal...
[*] Rate limiting: sleeping 14.5s...
[*] Querying VirusTotal for: 4d12ad00ce27e092...
    [+] Found in VirusTotal
[*] Rate limiting: sleeping 14.7s...
[*] Querying VirusTotal for: 693a320e2ba47853...
    [-] Not found in VirusTotal

[+] Original Hash: 4d12ad00ce27e092...
[+] Modified Hash: 693a320e2ba47853...
[+] File Size - Original: 67072 bytes, Modified: 89551 bytes
[+] Entropy - Original: 6.17, Modified: 5.25
[+] PE Info Preserved: False
[+] Original Detections: 67/76
[+] Modified: Not in VirusTotal database

[*] Analyzing: base64_encoded
================================================================================
[*] Performing static analysis...
[*] Querying VirusTotal...
[*] Rate limiting: sleeping 9.2s...
[*] Querying VirusTotal for: c7cbca566f4d8c87...
    [+] Found in VirusTotal
[*] Rate limiting: sleeping 14.8s...
[*] Querying VirusTotal for: 571519ed1372c090...
    [-] Not found in VirusTotal

[+] Original Hash: c7cbca566f4d8c87...
[+] Modified Hash: 571519ed1372c090...
[+] File Size - Original: 269824 bytes, Modified: 359887 bytes
[+] Entropy - Original: 7.59, Modified: 5.86
[+] PE Info Preserved: False
[+] Original Detections: 62/76
[+] Modified: Not in VirusTotal database

[*] Analyzing: base64_encoded
================================================================================
[*] Performing static analysis...
[*] Querying VirusTotal...
[*] Rate limiting: sleeping 13.6s...
[*] Querying VirusTotal for: b967f798adf9eac4...
    [+] Found in VirusTotal
[*] Rate limiting: sleeping 14.5s...
[*] Querying VirusTotal for: b8084b03f163dbb5...
    [-] Not found in VirusTotal

[+] Original Hash: b967f798adf9eac4...
[+] Modified Hash: b8084b03f163dbb5...
[+] File Size - Original: 154112 bytes, Modified: 205603 bytes
[+] Entropy - Original: 7.55, Modified: 5.84
[+] PE Info Preserved: False
[+] Original Detections: 60/76
[+] Modified: Not in VirusTotal database

[*] Analyzing: base64_encoded
================================================================================
[*] Performing static analysis...
[*] Querying VirusTotal...
[*] Rate limiting: sleeping 8.1s...
[*] Querying VirusTotal for: 0fc33d37e179938b...
    [+] Found in VirusTotal
[*] Rate limiting: sleeping 14.7s...
[*] Querying VirusTotal for: c3f795efc29e159f...
    [-] Not found in VirusTotal

[+] Original Hash: 0fc33d37e179938b...
[+] Modified Hash: c3f795efc29e159f...
[+] File Size - Original: 359419 bytes, Modified: 479347 bytes
[+] Entropy - Original: 7.96, Modified: 5.99
[+] PE Info Preserved: False
[+] Original Detections: 55/76
[+] Modified: Not in VirusTotal database

[*] Analyzing: base64_encoded
================================================================================
[*] Performing static analysis...
[*] Querying VirusTotal...
[*] Rate limiting: sleeping 14.2s...
[*] Querying VirusTotal for: 4fb6b7adda8694cf...
    [+] Found in VirusTotal
[*] Rate limiting: sleeping 14.6s...
[*] Querying VirusTotal for: eb2c553f67497e32...
    [-] Not found in VirusTotal

[+] Original Hash: 4fb6b7adda8694cf...
[+] Modified Hash: eb2c553f67497e32...
[+] File Size - Original: 117248 bytes, Modified: 156451 bytes
[+] Entropy - Original: 7.95, Modified: 5.99
[+] PE Info Preserved: False
[+] Original Detections: 66/76
[+] Modified: Not in VirusTotal database

[*] Analyzing: base64_encoded
================================================================================
[*] Performing static analysis...
[*] Querying VirusTotal...
[*] Rate limiting: sleeping 10.7s...
[*] Querying VirusTotal for: 0fe1593d230d6136...
    [+] Found in VirusTotal
[*] Rate limiting: sleeping 14.3s...
[*] Querying VirusTotal for: 71b02ba37ba1be91...
    [-] Not found in VirusTotal

[+] Original Hash: 0fe1593d230d6136...
[+] Modified Hash: 71b02ba37ba1be91...
[+] File Size - Original: 241152 bytes, Modified: 321655 bytes
[+] Entropy - Original: 7.08, Modified: 5.35
[+] PE Info Preserved: False
[+] Original Detections: 62/76
[+] Modified: Not in VirusTotal database

[*] Analyzing: base64_encoded
================================================================================
[*] Performing static analysis...
[*] Querying VirusTotal...
[*] Rate limiting: sleeping 7.5s...
[*] Querying VirusTotal for: 3529c23cc99ec56b...
    [+] Found in VirusTotal
[*] Rate limiting: sleeping 13.8s...
[*] Querying VirusTotal for: 839d09f744b1cd84...
    [-] Not found in VirusTotal

[+] Original Hash: 3529c23cc99ec56b...
[+] Modified Hash: 839d09f744b1cd84...
[+] File Size - Original: 356864 bytes, Modified: 475939 bytes
[+] Entropy - Original: 7.72, Modified: 5.9
[+] PE Info Preserved: False
[+] Original Detections: 57/76
[+] Modified: Not in VirusTotal database

[*] Analyzing: base64_encoded
================================================================================
[*] Performing static analysis...
[*] Querying VirusTotal...
[*] Rate limiting: sleeping 12.5s...
[*] Querying VirusTotal for: 8564dc5d8165a17b...
    [+] Found in VirusTotal
[*] Rate limiting: sleeping 14.8s...
[*] Querying VirusTotal for: 26498692f60a422a...
    [-] Not found in VirusTotal

[+] Original Hash: 8564dc5d8165a17b...
[+] Modified Hash: 26498692f60a422a...
[+] File Size - Original: 207872 bytes, Modified: 277283 bytes
[+] Entropy - Original: 7.29, Modified: 5.56
[+] PE Info Preserved: False
[+] Original Detections: 64/76
[+] Modified: Not in VirusTotal database

[*] Analyzing: base64_encoded
================================================================================
[*] Performing static analysis...
[*] Querying VirusTotal...
[*] Rate limiting: sleeping 12.3s...
[*] Querying VirusTotal for: c109cb003f9fbea4...
    [+] Found in VirusTotal
[*] Rate limiting: sleeping 14.7s...
[*] Querying VirusTotal for: 76cddea533bbdc1b...
    [-] Not found in VirusTotal

[+] Original Hash: c109cb003f9fbea4...
[+] Modified Hash: 76cddea533bbdc1b...
[+] File Size - Original: 207872 bytes, Modified: 277283 bytes
[+] Entropy - Original: 7.27, Modified: 5.57
[+] PE Info Preserved: False
[+] Original Detections: 57/76
[+] Modified: Not in VirusTotal database

[*] Analyzing: base64_encoded
================================================================================
[*] Performing static analysis...
[*] Querying VirusTotal...
[*] Rate limiting: sleeping 10.7s...
[*] Querying VirusTotal for: 401b84b267d0cf0f...
    [+] Found in VirusTotal
[*] Rate limiting: sleeping 14.7s...
[*] Querying VirusTotal for: 3aaf56f3767e6afd...
    [-] Not found in VirusTotal

[+] Original Hash: 401b84b267d0cf0f...
[+] Modified Hash: 3aaf56f3767e6afd...
[+] File Size - Original: 207872 bytes, Modified: 277283 bytes
[+] Entropy - Original: 7.26, Modified: 5.56
[+] PE Info Preserved: False
[+] Original Detections: 55/76
[+] Modified: Not in VirusTotal database

[*] Analyzing: base64_encoded
================================================================================
[*] Performing static analysis...
[*] Querying VirusTotal...
[*] Rate limiting: sleeping 11.6s...
[*] Querying VirusTotal for: 225290825c0ceb88...
    [+] Found in VirusTotal
[*] Rate limiting: sleeping 14.6s...
[*] Querying VirusTotal for: ec304eedf418d498...
    [-] Not found in VirusTotal

[+] Original Hash: 225290825c0ceb88...
[+] Modified Hash: ec304eedf418d498...
[+] File Size - Original: 207360 bytes, Modified: 276599 bytes
[+] Entropy - Original: 7.28, Modified: 5.57
[+] PE Info Preserved: False
[+] Original Detections: 58/76
[+] Modified: Not in VirusTotal database

[*] Analyzing: base64_encoded
================================================================================
[*] Performing static analysis...
[*] Querying VirusTotal...
[*] Rate limiting: sleeping 13.2s...
[*] Querying VirusTotal for: 84fe7fbb49f9cec5...
    [+] Found in VirusTotal
[*] Rate limiting: sleeping 14.8s...
[*] Querying VirusTotal for: 97733c4a09098527...
    [-] Not found in VirusTotal

[+] Original Hash: 84fe7fbb49f9cec5...
[+] Modified Hash: 97733c4a09098527...
[+] File Size - Original: 207360 bytes, Modified: 276599 bytes
[+] Entropy - Original: 7.28, Modified: 5.58
[+] PE Info Preserved: False
[+] Original Detections: 61/76
[+] Modified: Not in VirusTotal database

[*] Analyzing: base64_encoded
================================================================================
[*] Performing static analysis...
[*] Querying VirusTotal...
[*] Rate limiting: sleeping 11.5s...
[*] Querying VirusTotal for: 1073b9821536fdcf...
    [+] Found in VirusTotal
[*] Rate limiting: sleeping 14.8s...
[*] Querying VirusTotal for: 12e1b6e418a1093a...
    [-] Not found in VirusTotal

[+] Original Hash: 1073b9821536fdcf...