================================================================================
 ADVANCED HYBRID EVASION - SAMPLE GENERATION
================================================================================

This technique combines ALL 8+ evasion methods in strategic layers:
  1. Multi-stage XOR encoding (3 rounds)
  2. Realistic benign code/import injection
  3. PE header mimicry from real benign executables
  4. Advanced dropper with chunk interleaving
  5. Cryptographic random padding
  6. Final multi-round XOR obfuscation
  7. PE header timestamp/checksum modifications
  8. Structural evasion via benign wrapper

================================================================================

================================================================================
[1/50] Processing sample 1 with Advanced Hybrid technique
================================================================================
  [Layer 1] Reading malware: /home/gamdhameet/Attack/to_be_evaded_ds/1
  [Layer 2] Applying partial XOR encoding...
  [Layer 3] Inserting benign code and imports...
  [Layer 4] Attempting PE header mimicry...
  [Layer 5] Creating advanced dropper with interleaving...
  [Layer 6] Adding cryptographic random padding...
  [Layer 7] Final obfuscation layer...
  [Layer 8] Final PE header modifications...
  [Complete] Advanced hybrid evasion applied!
    Original: 180,736 bytes
    Final: 359,605 bytes
    Layers applied: 8

✓ SUCCESS: hybrid_advanced/1.exe created

================================================================================
[2/50] Processing sample 2 with Advanced Hybrid technique
================================================================================
  [Layer 1] Reading malware: /home/gamdhameet/Attack/to_be_evaded_ds/2
  [Layer 2] Applying partial XOR encoding...
  [Layer 3] Inserting benign code and imports...
  [Layer 4] Attempting PE header mimicry...
  [Layer 5] Creating advanced dropper with interleaving...
  [Layer 6] Adding cryptographic random padding...
  [Layer 7] Final obfuscation layer...
  [Layer 8] Final PE header modifications...
  [Complete] Advanced hybrid evasion applied!
    Original: 327,680 bytes
    Final: 423,468 bytes
    Layers applied: 8

✓ SUCCESS: hybrid_advanced/2.exe created

================================================================================
[3/50] Processing sample 3 with Advanced Hybrid technique
================================================================================
  [Layer 1] Reading malware: /home/gamdhameet/Attack/to_be_evaded_ds/3
  [Layer 2] Applying partial XOR encoding...
  [Layer 3] Inserting benign code and imports...
  [Layer 4] Attempting PE header mimicry...
  [Layer 5] Creating advanced dropper with interleaving...
  [Layer 6] Adding cryptographic random padding...
  [Layer 7] Final obfuscation layer...
  [Layer 8] Final PE header modifications...
  [Complete] Advanced hybrid evasion applied!
    Original: 155,136 bytes
    Final: 239,480 bytes
    Layers applied: 8

✓ SUCCESS: hybrid_advanced/3.exe created

================================================================================
[4/50] Processing sample 4 with Advanced Hybrid technique
================================================================================
  [Layer 1] Reading malware: /home/gamdhameet/Attack/to_be_evaded_ds/4
  [Layer 2] Applying partial XOR encoding...
  [Layer 3] Inserting benign code and imports...
  [Layer 4] Attempting PE header mimicry...
  [Layer 5] Creating advanced dropper with interleaving...
  [Layer 6] Adding cryptographic random padding...
  [Layer 7] Final obfuscation layer...
  [Layer 8] Final PE header modifications...
  [Complete] Advanced hybrid evasion applied!
    Original: 312,064 bytes
    Final: 408,880 bytes
    Layers applied: 8

✓ SUCCESS: hybrid_advanced/4.exe created

================================================================================
[5/50] Processing sample 5 with Advanced Hybrid technique
================================================================================
  [Layer 1] Reading malware: /home/gamdhameet/Attack/to_be_evaded_ds/5
  [Layer 2] Applying partial XOR encoding...
  [Layer 3] Inserting benign code and imports...
  [Layer 4] Attempting PE header mimicry...
  [Layer 5] Creating advanced dropper with interleaving...
  [Layer 6] Adding cryptographic random padding...
  [Layer 7] Final obfuscation layer...
  [Layer 8] Final PE header modifications...
  [Complete] Advanced hybrid evasion applied!
    Original: 148,992 bytes
    Final: 303,484 bytes
    Layers applied: 8

✓ SUCCESS: hybrid_advanced/5.exe created

================================================================================
[6/50] Processing sample 6 with Advanced Hybrid technique
================================================================================
  [Layer 1] Reading malware: /home/gamdhameet/Attack/to_be_evaded_ds/6
  [Layer 2] Applying partial XOR encoding...
  [Layer 3] Inserting benign code and imports...
  [Layer 4] Attempting PE header mimicry...
  [Layer 5] Creating advanced dropper with interleaving...
  [Layer 6] Adding cryptographic random padding...
  [Layer 7] Final obfuscation layer...
  [Layer 8] Final PE header modifications...
  [Complete] Advanced hybrid evasion applied!
    Original: 118,272 bytes
    Final: 194,836 bytes
    Layers applied: 8

✓ SUCCESS: hybrid_advanced/6.exe created

================================================================================
[7/50] Processing sample 7 with Advanced Hybrid technique
================================================================================
  [Layer 1] Reading malware: /home/gamdhameet/Attack/to_be_evaded_ds/7
  [Layer 2] Applying partial XOR encoding...
  [Layer 3] Inserting benign code and imports...
  [Layer 4] Attempting PE header mimicry...
  [Layer 5] Creating advanced dropper with interleaving...
  [Layer 6] Adding cryptographic random padding...
  [Layer 7] Final obfuscation layer...
  [Layer 8] Final PE header modifications...
  [Complete] Advanced hybrid evasion applied!
    Original: 21,504 bytes
    Final: 157,784 bytes
    Layers applied: 8

✓ SUCCESS: hybrid_advanced/7.exe created

================================================================================
[8/50] Processing sample 8 with Advanced Hybrid technique
================================================================================
  [Layer 1] Reading malware: /home/gamdhameet/Attack/to_be_evaded_ds/8
  [Layer 2] Applying partial XOR encoding...
  [Layer 3] Inserting benign code and imports...
  [Layer 4] Attempting PE header mimicry...
  [Layer 5] Creating advanced dropper with interleaving...
  [Layer 6] Adding cryptographic random padding...
  [Layer 7] Final obfuscation layer...
  [Layer 8] Final PE header modifications...
  [Complete] Advanced hybrid evasion applied!
    Original: 504,320 bytes
    Final: 609,740 bytes
    Layers applied: 8

✓ SUCCESS: hybrid_advanced/8.exe created

================================================================================
[9/50] Processing sample 9 with Advanced Hybrid technique
================================================================================
  [Layer 1] Reading malware: /home/gamdhameet/Attack/to_be_evaded_ds/9
  [Layer 2] Applying partial XOR encoding...
  [Layer 3] Inserting benign code and imports...
  [Layer 4] Attempting PE header mimicry...
  [Layer 5] Creating advanced dropper with interleaving...
  [Layer 6] Adding cryptographic random padding...
  [Layer 7] Final obfuscation layer...
  [Layer 8] Final PE header modifications...
  [Complete] Advanced hybrid evasion applied!
    Original: 816,640 bytes
    Final: 894,656 bytes
    Layers applied: 8

✓ SUCCESS: hybrid_advanced/9.exe created

================================================================================
[10/50] Processing sample 10 with Advanced Hybrid technique
================================================================================
  [Layer 1] Reading malware: /home/gamdhameet/Attack/to_be_evaded_ds/10
  [Layer 2] Applying partial XOR encoding...
  [Layer 3] Inserting benign code and imports...
  [Layer 4] Attempting PE header mimicry...
  [Layer 5] Creating advanced dropper with interleaving...
  [Layer 6] Adding cryptographic random padding...
  [Layer 7] Final obfuscation layer...
  [Layer 8] Final PE header modifications...
  [Complete] Advanced hybrid evasion applied!
    Original: 94,720 bytes
    Final: 249,176 bytes
    Layers applied: 8

✓ SUCCESS: hybrid_advanced/10.exe created

================================================================================
[11/50] Processing sample 11 with Advanced Hybrid technique
================================================================================
  [Layer 1] Reading malware: /home/gamdhameet/Attack/to_be_evaded_ds/11
  [Layer 2] Applying partial XOR encoding...
  [Layer 3] Inserting benign code and imports...
  [Layer 4] Attempting PE header mimicry...
  [Layer 5] Creating advanced dropper with interleaving...
  [Layer 6] Adding cryptographic random padding...
  [Layer 7] Final obfuscation layer...
  [Layer 8] Final PE header modifications...
  [Complete] Advanced hybrid evasion applied!
    Original: 247,296 bytes
    Final: 435,544 bytes
    Layers applied: 8

✓ SUCCESS: hybrid_advanced/11.exe created

================================================================================
[12/50] Processing sample 12 with Advanced Hybrid technique
================================================================================
  [Layer 1] Reading malware: /home/gamdhameet/Attack/to_be_evaded_ds/12
  [Layer 2] Applying partial XOR encoding...
  [Layer 3] Inserting benign code and imports...
  [Layer 4] Attempting PE header mimicry...
  [Layer 5] Creating advanced dropper with interleaving...
  [Layer 6] Adding cryptographic random padding...
  [Layer 7] Final obfuscation layer...
  [Layer 8] Final PE header modifications...
  [Complete] Advanced hybrid evasion applied!
    Original: 200,192 bytes
    Final: 295,863 bytes
    Layers applied: 8

✓ SUCCESS: hybrid_advanced/12.exe created

================================================================================
[13/50] Processing sample 13 with Advanced Hybrid technique
================================================================================
  [Layer 1] Reading malware: /home/gamdhameet/Attack/to_be_evaded_ds/13
  [Layer 2] Applying partial XOR encoding...
  [Layer 3] Inserting benign code and imports...
  [Layer 4] Attempting PE header mimicry...
  [Layer 5] Creating advanced dropper with interleaving...
  [Layer 6] Adding cryptographic random padding...
  [Layer 7] Final obfuscation layer...
  [Layer 8] Final PE header modifications...
  [Complete] Advanced hybrid evasion applied!
    Original: 212,992 bytes
    Final: 420,440 bytes
    Layers applied: 8

✓ SUCCESS: hybrid_advanced/13.exe created

================================================================================
[14/50] Processing sample 14 with Advanced Hybrid technique
================================================================================
  [Layer 1] Reading malware: /home/gamdhameet/Attack/to_be_evaded_ds/14
  [Layer 2] Applying partial XOR encoding...
  [Layer 3] Inserting benign code and imports...
  [Layer 4] Attempting PE header mimicry...
  [Layer 5] Creating advanced dropper with interleaving...
  [Layer 6] Adding cryptographic random padding...
  [Layer 7] Final obfuscation layer...
  [Layer 8] Final PE header modifications...
  [Complete] Advanced hybrid evasion applied!
    Original: 81,408 bytes
    Final: 232,536 bytes
    Layers applied: 8

✓ SUCCESS: hybrid_advanced/14.exe created

================================================================================
[15/50] Processing sample 15 with Advanced Hybrid technique
================================================================================
  [Layer 1] Reading malware: /home/gamdhameet/Attack/to_be_evaded_ds/15
  [Layer 2] Applying partial XOR encoding...
  [Layer 3] Inserting benign code and imports...
  [Layer 4] Attempting PE header mimicry...
  [Layer 5] Creating advanced dropper with interleaving...
  [Layer 6] Adding cryptographic random padding...
  [Layer 7] Final obfuscation layer...
  [Layer 8] Final PE header modifications...
  [Complete] Advanced hybrid evasion applied!
    Original: 356,352 bytes
    Final: 442,997 bytes
    Layers applied: 8

✓ SUCCESS: hybrid_advanced/15.exe created

================================================================================
[16/50] Processing sample 16 with Advanced Hybrid technique
================================================================================
  [Layer 1] Reading malware: /home/gamdhameet/Attack/to_be_evaded_ds/16
  [Layer 2] Applying partial XOR encoding...
  [Layer 3] Inserting benign code and imports...
  [Layer 4] Attempting PE header mimicry...
  [Layer 5] Creating advanced dropper with interleaving...
  [Layer 6] Adding cryptographic random padding...
  [Layer 7] Final obfuscation layer...
  [Layer 8] Final PE header modifications...
  [Complete] Advanced hybrid evasion applied!
    Original: 348,160 bytes
    Final: 446,720 bytes
    Layers applied: 8

✓ SUCCESS: hybrid_advanced/16.exe created

================================================================================
[17/50] Processing sample 17 with Advanced Hybrid technique
================================================================================
  [Layer 1] Reading malware: /home/gamdhameet/Attack/to_be_evaded_ds/17
  [Layer 2] Applying partial XOR encoding...
  [Layer 3] Inserting benign code and imports...
  [Layer 4] Attempting PE header mimicry...
  [Layer 5] Creating advanced dropper with interleaving...
  [Layer 6] Adding cryptographic random padding...
  [Layer 7] Final obfuscation layer...
  [Layer 8] Final PE header modifications...
  [Complete] Advanced hybrid evasion applied!
    Original: 78,848 bytes
    Final: 153,306 bytes
    Layers applied: 8

✓ SUCCESS: hybrid_advanced/17.exe created

================================================================================
[18/50] Processing sample 18 with Advanced Hybrid technique
================================================================================
  [Layer 1] Reading malware: /home/gamdhameet/Attack/to_be_evaded_ds/18
  [Layer 2] Applying partial XOR encoding...
  [Layer 3] Inserting benign code and imports...
  [Layer 4] Attempting PE header mimicry...
  [Layer 5] Creating advanced dropper with interleaving...
  [Layer 6] Adding cryptographic random padding...
  [Layer 7] Final obfuscation layer...
  [Layer 8] Final PE header modifications...
  [Complete] Advanced hybrid evasion applied!
    Original: 103,424 bytes
    Final: 194,112 bytes
    Layers applied: 8

✓ SUCCESS: hybrid_advanced/18.exe created

================================================================================
[19/50] Processing sample 19 with Advanced Hybrid technique
================================================================================
  [Layer 1] Reading malware: /home/gamdhameet/Attack/to_be_evaded_ds/19
  [Layer 2] Applying partial XOR encoding...
  [Layer 3] Inserting benign code and imports...
  [Layer 4] Attempting PE header mimicry...
  [Layer 5] Creating advanced dropper with interleaving...
  [Layer 6] Adding cryptographic random padding...
  [Layer 7] Final obfuscation layer...
  [Layer 8] Final PE header modifications...
  [Complete] Advanced hybrid evasion applied!
    Original: 122,368 bytes
    Final: 189,164 bytes
    Layers applied: 8

✓ SUCCESS: hybrid_advanced/19.exe created

================================================================================
[20/50] Processing sample 20 with Advanced Hybrid technique
================================================================================
  [Layer 1] Reading malware: /home/gamdhameet/Attack/to_be_evaded_ds/20
  [Layer 2] Applying partial XOR encoding...
  [Layer 3] Inserting benign code and imports...
  [Layer 4] Attempting PE header mimicry...
  [Layer 5] Creating advanced dropper with interleaving...
  [Layer 6] Adding cryptographic random padding...
  [Layer 7] Final obfuscation layer...
  [Layer 8] Final PE header modifications...
  [Complete] Advanced hybrid evasion applied!
    Original: 908,288 bytes
    Final: 994,544 bytes
    Layers applied: 8

✓ SUCCESS: hybrid_advanced/20.exe created

================================================================================
[21/50] Processing sample 21 with Advanced Hybrid technique
================================================================================
  [Layer 1] Reading malware: /home/gamdhameet/Attack/to_be_evaded_ds/21
  [Layer 2] Applying partial XOR encoding...
  [Layer 3] Inserting benign code and imports...
  [Layer 4] Attempting PE header mimicry...
  [Layer 5] Creating advanced dropper with interleaving...
  [Layer 6] Adding cryptographic random padding...
  [Layer 7] Final obfuscation layer...
  [Layer 8] Final PE header modifications...
  [Complete] Advanced hybrid evasion applied!
    Original: 1,321,984 bytes
    Final: 1,403,078 bytes
    Layers applied: 8

✓ SUCCESS: hybrid_advanced/21.exe created

================================================================================
[22/50] Processing sample 22 with Advanced Hybrid technique
================================================================================
  [Layer 1] Reading malware: /home/gamdhameet/Attack/to_be_evaded_ds/22
  [Layer 2] Applying partial XOR encoding...
  [Layer 3] Inserting benign code and imports...
  [Layer 4] Attempting PE header mimicry...
  [Layer 5] Creating advanced dropper with interleaving...
  [Layer 6] Adding cryptographic random padding...
  [Layer 7] Final obfuscation layer...
  [Layer 8] Final PE header modifications...
  [Complete] Advanced hybrid evasion applied!
    Original: 134,144 bytes
    Final: 211,276 bytes
    Layers applied: 8

✓ SUCCESS: hybrid_advanced/22.exe created

================================================================================
[23/50] Processing sample 23 with Advanced Hybrid technique
================================================================================
  [Layer 1] Reading malware: /home/gamdhameet/Attack/to_be_evaded_ds/23
  [Layer 2] Applying partial XOR encoding...
  [Layer 3] Inserting benign code and imports...
  [Layer 4] Attempting PE header mimicry...
  [Layer 5] Creating advanced dropper with interleaving...
  [Layer 6] Adding cryptographic random padding...
  [Layer 7] Final obfuscation layer...
  [Layer 8] Final PE header modifications...
  [Complete] Advanced hybrid evasion applied!
    Original: 67,072 bytes
    Final: 185,716 bytes
    Layers applied: 8

✓ SUCCESS: hybrid_advanced/23.exe created

================================================================================
[24/50] Processing sample 24 with Advanced Hybrid technique
================================================================================
  [Layer 1] Reading malware: /home/gamdhameet/Attack/to_be_evaded_ds/24
  [Layer 2] Applying partial XOR encoding...
  [Layer 3] Inserting benign code and imports...
  [Layer 4] Attempting PE header mimicry...
  [Layer 5] Creating advanced dropper with interleaving...
  [Layer 6] Adding cryptographic random padding...
  [Layer 7] Final obfuscation layer...
  [Layer 8] Final PE header modifications...
  [Complete] Advanced hybrid evasion applied!
    Original: 269,824 bytes
    Final: 354,316 bytes
    Layers applied: 8

✓ SUCCESS: hybrid_advanced/24.exe created

================================================================================
[25/50] Processing sample 25 with Advanced Hybrid technique
================================================================================
  [Layer 1] Reading malware: /home/gamdhameet/Attack/to_be_evaded_ds/25
  [Layer 2] Applying partial XOR encoding...
  [Layer 3] Inserting benign code and imports...
  [Layer 4] Attempting PE header mimicry...
  [Layer 5] Creating advanced dropper with interleaving...
  [Layer 6] Adding cryptographic random padding...
  [Layer 7] Final obfuscation layer...
  [Layer 8] Final PE header modifications...
  [Complete] Advanced hybrid evasion applied!
    Original: 154,112 bytes
    Final: 338,776 bytes
    Layers applied: 8

✓ SUCCESS: hybrid_advanced/25.exe created

================================================================================
[26/50] Processing sample 26 with Advanced Hybrid technique
================================================================================
  [Layer 1] Reading malware: /home/gamdhameet/Attack/to_be_evaded_ds/26
  [Layer 2] Applying partial XOR encoding...
  [Layer 3] Inserting benign code and imports...
  [Layer 4] Attempting PE header mimicry...
  [Layer 5] Creating advanced dropper with interleaving...
  [Layer 6] Adding cryptographic random padding...
  [Layer 7] Final obfuscation layer...
  [Layer 8] Final PE header modifications...
  [Complete] Advanced hybrid evasion applied!
    Original: 359,419 bytes
    Final: 454,315 bytes
    Layers applied: 8

✓ SUCCESS: hybrid_advanced/26.exe created

================================================================================
[27/50] Processing sample 27 with Advanced Hybrid technique
================================================================================
  [Layer 1] Reading malware: /home/gamdhameet/Attack/to_be_evaded_ds/27
  [Layer 2] Applying partial XOR encoding...
  [Layer 3] Inserting benign code and imports...
  [Layer 4] Attempting PE header mimicry...
  [Layer 5] Creating advanced dropper with interleaving...
  [Layer 6] Adding cryptographic random padding...
  [Layer 7] Final obfuscation layer...
  [Layer 8] Final PE header modifications...
  [Complete] Advanced hybrid evasion applied!
    Original: 117,248 bytes
    Final: 225,440 bytes
    Layers applied: 8

✓ SUCCESS: hybrid_advanced/27.exe created

================================================================================
[28/50] Processing sample 28 with Advanced Hybrid technique
================================================================================
  [Layer 1] Reading malware: /home/gamdhameet/Attack/to_be_evaded_ds/28
  [Layer 2] Applying partial XOR encoding...
  [Layer 3] Inserting benign code and imports...
  [Layer 4] Attempting PE header mimicry...
  [Layer 5] Creating advanced dropper with interleaving...
  [Layer 6] Adding cryptographic random padding...
  [Layer 7] Final obfuscation layer...
  [Layer 8] Final PE header modifications...
  [Complete] Advanced hybrid evasion applied!
    Original: 241,152 bytes
    Final: 312,892 bytes
    Layers applied: 8

✓ SUCCESS: hybrid_advanced/28.exe created

================================================================================
[29/50] Processing sample 29 with Advanced Hybrid technique
================================================================================
  [Layer 1] Reading malware: /home/gamdhameet/Attack/to_be_evaded_ds/29
  [Layer 2] Applying partial XOR encoding...
  [Layer 3] Inserting benign code and imports...
  [Layer 4] Attempting PE header mimicry...
  [Layer 5] Creating advanced dropper with interleaving...
  [Layer 6] Adding cryptographic random padding...
  [Layer 7] Final obfuscation layer...
  [Layer 8] Final PE header modifications...
  [Complete] Advanced hybrid evasion applied!
    Original: 356,864 bytes
    Final: 474,172 bytes
    Layers applied: 8

✓ SUCCESS: hybrid_advanced/29.exe created

================================================================================
[30/50] Processing sample 30 with Advanced Hybrid technique
================================================================================
  [Layer 1] Reading malware: /home/gamdhameet/Attack/to_be_evaded_ds/30
  [Layer 2] Applying partial XOR encoding...
  [Layer 3] Inserting benign code and imports...
  [Layer 4] Attempting PE header mimicry...
  [Layer 5] Creating advanced dropper with interleaving...
  [Layer 6] Adding cryptographic random padding...
  [Layer 7] Final obfuscation layer...
  [Layer 8] Final PE header modifications...
  [Complete] Advanced hybrid evasion applied!
    Original: 207,872 bytes
    Final: 396,376 bytes
    Layers applied: 8

✓ SUCCESS: hybrid_advanced/30.exe created

================================================================================
[31/50] Processing sample 31 with Advanced Hybrid technique
================================================================================
  [Layer 1] Reading malware: /home/gamdhameet/Attack/to_be_evaded_ds/31
  [Layer 2] Applying partial XOR encoding...
  [Layer 3] Inserting benign code and imports...
  [Layer 4] Attempting PE header mimicry...
  [Layer 5] Creating advanced dropper with interleaving...
  [Layer 6] Adding cryptographic random padding...
  [Layer 7] Final obfuscation layer...
  [Layer 8] Final PE header modifications...
  [Complete] Advanced hybrid evasion applied!
    Original: 207,872 bytes
    Final: 282,080 bytes
    Layers applied: 8

✓ SUCCESS: hybrid_advanced/31.exe created

================================================================================
[32/50] Processing sample 32 with Advanced Hybrid technique
================================================================================
  [Layer 1] Reading malware: /home/gamdhameet/Attack/to_be_evaded_ds/32
  [Layer 2] Applying partial XOR encoding...
  [Layer 3] Inserting benign code and imports...
  [Layer 4] Attempting PE header mimicry...
  [Layer 5] Creating advanced dropper with interleaving...
  [Layer 6] Adding cryptographic random padding...
  [Layer 7] Final obfuscation layer...
  [Layer 8] Final PE header modifications...
  [Complete] Advanced hybrid evasion applied!
    Original: 207,872 bytes
    Final: 315,884 bytes
    Layers applied: 8

✓ SUCCESS: hybrid_advanced/32.exe created

================================================================================
[33/50] Processing sample 33 with Advanced Hybrid technique
================================================================================
  [Layer 1] Reading malware: /home/gamdhameet/Attack/to_be_evaded_ds/33
  [Layer 2] Applying partial XOR encoding...
  [Layer 3] Inserting benign code and imports...
  [Layer 4] Attempting PE header mimicry...
  [Layer 5] Creating advanced dropper with interleaving...
  [Layer 6] Adding cryptographic random padding...
  [Layer 7] Final obfuscation layer...
  [Layer 8] Final PE header modifications...
  [Complete] Advanced hybrid evasion applied!
    Original: 207,360 bytes
    Final: 301,720 bytes
    Layers applied: 8

✓ SUCCESS: hybrid_advanced/33.exe created

================================================================================
[34/50] Processing sample 34 with Advanced Hybrid technique
================================================================================
  [Layer 1] Reading malware: /home/gamdhameet/Attack/to_be_evaded_ds/34
  [Layer 2] Applying partial XOR encoding...
  [Layer 3] Inserting benign code and imports...
  [Layer 4] Attempting PE header mimicry...
  [Layer 5] Creating advanced dropper with interleaving...
  [Layer 6] Adding cryptographic random padding...
  [Layer 7] Final obfuscation layer...
  [Layer 8] Final PE header modifications...
  [Complete] Advanced hybrid evasion applied!
    Original: 207,360 bytes
    Final: 387,160 bytes
    Layers applied: 8

✓ SUCCESS: hybrid_advanced/34.exe created

================================================================================
[35/50] Processing sample 35 with Advanced Hybrid technique
================================================================================
  [Layer 1] Reading malware: /home/gamdhameet/Attack/to_be_evaded_ds/35
  [Layer 2] Applying partial XOR encoding...
  [Layer 3] Inserting benign code and imports...
  [Layer 4] Attempting PE header mimicry...
  [Layer 5] Creating advanced dropper with interleaving...
  [Layer 6] Adding cryptographic random padding...
  [Layer 7] Final obfuscation layer...
  [Layer 8] Final PE header modifications...
  [Complete] Advanced hybrid evasion applied!
    Original: 207,872 bytes
    Final: 391,421 bytes
    Layers applied: 8

✓ SUCCESS: hybrid_advanced/35.exe created

================================================================================
[36/50] Processing sample 36 with Advanced Hybrid technique
================================================================================
  [Layer 1] Reading malware: /home/gamdhameet/Attack/to_be_evaded_ds/36
  [Layer 2] Applying partial XOR encoding...
  [Layer 3] Inserting benign code and imports...
  [Layer 4] Attempting PE header mimicry...
  [Layer 5] Creating advanced dropper with interleaving...
  [Layer 6] Adding cryptographic random padding...
  [Layer 7] Final obfuscation layer...
  [Layer 8] Final PE header modifications...
  [Complete] Advanced hybrid evasion applied!
    Original: 207,360 bytes
    Final: 294,032 bytes
    Layers applied: 8

✓ SUCCESS: hybrid_advanced/36.exe created

================================================================================
[37/50] Processing sample 37 with Advanced Hybrid technique
================================================================================
  [Layer 1] Reading malware: /home/gamdhameet/Attack/to_be_evaded_ds/37
  [Layer 2] Applying partial XOR encoding...
  [Layer 3] Inserting benign code and imports...
  [Layer 4] Attempting PE header mimicry...
  [Layer 5] Creating advanced dropper with interleaving...
  [Layer 6] Adding cryptographic random padding...
  [Layer 7] Final obfuscation layer...
  [Layer 8] Final PE header modifications...
  [Complete] Advanced hybrid evasion applied!
    Original: 207,360 bytes
    Final: 291,844 bytes
    Layers applied: 8

✓ SUCCESS: hybrid_advanced/37.exe created

================================================================================
[38/50] Processing sample 38 with Advanced Hybrid technique
================================================================================
  [Layer 1] Reading malware: /home/gamdhameet/Attack/to_be_evaded_ds/38
  [Layer 2] Applying partial XOR encoding...
  [Layer 3] Inserting benign code and imports...
  [Layer 4] Attempting PE header mimicry...
  [Layer 5] Creating advanced dropper with interleaving...
  [Layer 6] Adding cryptographic random padding...
  [Layer 7] Final obfuscation layer...
  [Layer 8] Final PE header modifications...
  [Complete] Advanced hybrid evasion applied!
    Original: 207,360 bytes
    Final: 309,504 bytes
    Layers applied: 8

✓ SUCCESS: hybrid_advanced/38.exe created

================================================================================
[39/50] Processing sample 39 with Advanced Hybrid technique
================================================================================
  [Layer 1] Reading malware: /home/gamdhameet/Attack/to_be_evaded_ds/39
  [Layer 2] Applying partial XOR encoding...
  [Layer 3] Inserting benign code and imports...
  [Layer 4] Attempting PE header mimicry...
  [Layer 5] Creating advanced dropper with interleaving...
  [Layer 6] Adding cryptographic random padding...
  [Layer 7] Final obfuscation layer...
  [Layer 8] Final PE header modifications...
  [Complete] Advanced hybrid evasion applied!
    Original: 207,872 bytes
    Final: 353,112 bytes
    Layers applied: 8

✓ SUCCESS: hybrid_advanced/39.exe created

================================================================================
[40/50] Processing sample 40 with Advanced Hybrid technique
================================================================================
  [Layer 1] Reading malware: /home/gamdhameet/Attack/to_be_evaded_ds/40
  [Layer 2] Applying partial XOR encoding...
  [Layer 3] Inserting benign code and imports...
  [Layer 4] Attempting PE header mimicry...
  [Layer 5] Creating advanced dropper with interleaving...
  [Layer 6] Adding cryptographic random padding...
  [Layer 7] Final obfuscation layer...
  [Layer 8] Final PE header modifications...
  [Complete] Advanced hybrid evasion applied!
    Original: 630,784 bytes
    Final: 707,060 bytes
    Layers applied: 8

✓ SUCCESS: hybrid_advanced/40.exe created

================================================================================
[41/50] Processing sample 41 with Advanced Hybrid technique
================================================================================
  [Layer 1] Reading malware: /home/gamdhameet/Attack/to_be_evaded_ds/41
  [Layer 2] Applying partial XOR encoding...
  [Layer 3] Inserting benign code and imports...
  [Layer 4] Attempting PE header mimicry...
  [Layer 5] Creating advanced dropper with interleaving...
  [Layer 6] Adding cryptographic random padding...
  [Layer 7] Final obfuscation layer...
  [Layer 8] Final PE header modifications...
  [Complete] Advanced hybrid evasion applied!
    Original: 629,248 bytes
    Final: 715,360 bytes
    Layers applied: 8

✓ SUCCESS: hybrid_advanced/41.exe created

================================================================================
[42/50] Processing sample 42 with Advanced Hybrid technique
================================================================================
  [Layer 1] Reading malware: /home/gamdhameet/Attack/to_be_evaded_ds/42
  [Layer 2] Applying partial XOR encoding...
  [Layer 3] Inserting benign code and imports...
  [Layer 4] Attempting PE header mimicry...
  [Layer 5] Creating advanced dropper with interleaving...
  [Layer 6] Adding cryptographic random padding...
  [Layer 7] Final obfuscation layer...
  [Layer 8] Final PE header modifications...
  [Complete] Advanced hybrid evasion applied!
    Original: 630,272 bytes
    Final: 753,364 bytes
    Layers applied: 8

✓ SUCCESS: hybrid_advanced/42.exe created

================================================================================
[43/50] Processing sample 43 with Advanced Hybrid technique
================================================================================
  [Layer 1] Reading malware: /home/gamdhameet/Attack/to_be_evaded_ds/43
  [Layer 2] Applying partial XOR encoding...
  [Layer 3] Inserting benign code and imports...
  [Layer 4] Attempting PE header mimicry...
  [Layer 5] Creating advanced dropper with interleaving...
  [Layer 6] Adding cryptographic random padding...
  [Layer 7] Final obfuscation layer...
  [Layer 8] Final PE header modifications...
  [Complete] Advanced hybrid evasion applied!
    Original: 629,760 bytes
    Final: 715,424 bytes
    Layers applied: 8

✓ SUCCESS: hybrid_advanced/43.exe created

================================================================================
[44/50] Processing sample 44 with Advanced Hybrid technique
================================================================================
  [Layer 1] Reading malware: /home/gamdhameet/Attack/to_be_evaded_ds/44
  [Layer 2] Applying partial XOR encoding...
  [Layer 3] Inserting benign code and imports...
  [Layer 4] Attempting PE header mimicry...
  [Layer 5] Creating advanced dropper with interleaving...
  [Layer 6] Adding cryptographic random padding...
  [Layer 7] Final obfuscation layer...
  [Layer 8] Final PE header modifications...
  [Complete] Advanced hybrid evasion applied!
    Original: 136,192 bytes
    Final: 212,420 bytes
    Layers applied: 8

✓ SUCCESS: hybrid_advanced/44.exe created

================================================================================
[45/50] Processing sample 45 with Advanced Hybrid technique
================================================================================
  [Layer 1] Reading malware: /home/gamdhameet/Attack/to_be_evaded_ds/45
  [Layer 2] Applying partial XOR encoding...
  [Layer 3] Inserting benign code and imports...
  [Layer 4] Attempting PE header mimicry...
  [Layer 5] Creating advanced dropper with interleaving...
  [Layer 6] Adding cryptographic random padding...
  [Layer 7] Final obfuscation layer...
  [Layer 8] Final PE header modifications...
  [Complete] Advanced hybrid evasion applied!
    Original: 1,007,104 bytes
    Final: 1,162,664 bytes
    Layers applied: 8

✓ SUCCESS: hybrid_advanced/45.exe created

================================================================================
[46/50] Processing sample 46 with Advanced Hybrid technique
================================================================================
  [Layer 1] Reading malware: /home/gamdhameet/Attack/to_be_evaded_ds/46
  [Layer 2] Applying partial XOR encoding...
  [Layer 3] Inserting benign code and imports...
  [Layer 4] Attempting PE header mimicry...
  [Layer 5] Creating advanced dropper with interleaving...
  [Layer 6] Adding cryptographic random padding...
  [Layer 7] Final obfuscation layer...
  [Layer 8] Final PE header modifications...
  [Complete] Advanced hybrid evasion applied!
    Original: 54,272 bytes
    Final: 142,687 bytes
    Layers applied: 8

✓ SUCCESS: hybrid_advanced/46.exe created

================================================================================
[47/50] Processing sample 47 with Advanced Hybrid technique
================================================================================
  [Layer 1] Reading malware: /home/gamdhameet/Attack/to_be_evaded_ds/47
  [Layer 2] Applying partial XOR encoding...
  [Layer 3] Inserting benign code and imports...
  [Layer 4] Attempting PE header mimicry...
  [Layer 5] Creating advanced dropper with interleaving...
  [Layer 6] Adding cryptographic random padding...
  [Layer 7] Final obfuscation layer...
  [Layer 8] Final PE header modifications...
  [Complete] Advanced hybrid evasion applied!
    Original: 447,488 bytes
    Final: 531,768 bytes
    Layers applied: 8

✓ SUCCESS: hybrid_advanced/47.exe created

================================================================================
[48/50] Processing sample 48 with Advanced Hybrid technique
================================================================================
  [Layer 1] Reading malware: /home/gamdhameet/Attack/to_be_evaded_ds/48
  [Layer 2] Applying partial XOR encoding...
  [Layer 3] Inserting benign code and imports...
  [Layer 4] Attempting PE header mimicry...
  [Layer 5] Creating advanced dropper with interleaving...
  [Layer 6] Adding cryptographic random padding...
  [Layer 7] Final obfuscation layer...
  [Layer 8] Final PE header modifications...
  [Complete] Advanced hybrid evasion applied!
    Original: 71,680 bytes
    Final: 154,875 bytes
    Layers applied: 8

✓ SUCCESS: hybrid_advanced/48.exe created

================================================================================
[49/50] Processing sample 49 with Advanced Hybrid technique
================================================================================
  [Layer 1] Reading malware: /home/gamdhameet/Attack/to_be_evaded_ds/49
  [Layer 2] Applying partial XOR encoding...
  [Layer 3] Inserting benign code and imports...
  [Layer 4] Attempting PE header mimicry...
  [Layer 5] Creating advanced dropper with interleaving...
  [Layer 6] Adding cryptographic random padding...
  [Layer 7] Final obfuscation layer...
  [Layer 8] Final PE header modifications...
  [Complete] Advanced hybrid evasion applied!
    Original: 71,680 bytes
    Final: 139,624 bytes
    Layers applied: 8

✓ SUCCESS: hybrid_advanced/49.exe created

================================================================================
[50/50] Processing sample 50 with Advanced Hybrid technique
================================================================================
  [Layer 1] Reading malware: /home/gamdhameet/Attack/to_be_evaded_ds/50
  [Layer 2] Applying partial XOR encoding...
  [Layer 3] Inserting benign code and imports...
  [Layer 4] Attempting PE header mimicry...
  [Layer 5] Creating advanced dropper with interleaving...
  [Layer 6] Adding cryptographic random padding...
  [Layer 7] Final obfuscation layer...
  [Layer 8] Final PE header modifications...
  [Complete] Advanced hybrid evasion applied!
    Original: 631,296 bytes
    Final: 710,428 bytes
    Layers applied: 8

✓ SUCCESS: hybrid_advanced/50.exe created

================================================================================
 GENERATION COMPLETE
================================================================================

Results:
  ✓ Successful: 50/50 samples
  ✗ Failed: 0/50 samples

Output directory: /home/gamdhameet/Attack/modified_samples/hybrid_advanced
Total files created: 50

Next step: Run 4_test_hybrid.py to test against all models
