================================================================================
 ADVANCED HYBRID EVASION - BATCH TESTING
================================================================================

Found 50 hybrid samples to test
Testing against 15 models
Output: /home/gamdhameet/Attack/results/hybrid_advanced_20251015_145656.csv
Starting all models in parallel...
  ✓ team_3 running on port 8081
  ✓ team_1 running on port 8080
  ✓ team_5 running on port 8083
  ✓ team_10 running on port 8088
  ✓ team_9 running on port 8087
  ✓ team_6 running on port 8084
  ✓ team_4 running on port 8082
  ✓ team_14 running on port 8092
  ✓ team_16 running on port 8093
  ✓ team_17 running on port 8094
  ✓ team_7 running on port 8085
  ✓ team_11 running on port 8089
  ✓ team_13 running on port 8091
  ✓ team_12 running on port 8090
  ✓ team_8 running on port 8086

15/15 models started successfully
Waiting 5 seconds for full initialization...

================================================================================
 TESTING IN PROGRESS
================================================================================

Testing technique: hybrid_advanced (50 samples)
  team_14: 0/50 evaded (0.0%)
  team_3: 50/50 evaded (100.0%)
  team_12: 0/0 evaded (0.0%)
  team_13: 0/50 evaded (0.0%)
  team_5: 10/50 evaded (20.0%)
  team_8: 0/50 evaded (0.0%)
  team_6: 1/50 evaded (2.0%)
  team_11: 1/50 evaded (2.0%)
  team_10: 0/50 evaded (0.0%)
  team_16: 47/50 evaded (94.0%)
  team_4: 0/50 evaded (0.0%)
  team_1: 0/50 evaded (0.0%)
  team_9: 0/50 evaded (0.0%)
  team_17: 50/50 evaded (100.0%)
  team_7: 0/50 evaded (0.0%)

  → Average: 10.6/50 evaded per team (21.2%)

================================================================================
 TESTING COMPLETE
================================================================================

Results saved to: /home/gamdhameet/Attack/results/hybrid_advanced_20251015_145656.csv

📊 HYBRID ADVANCED RESULTS:
--------------------------------------------------------------------------------
  Technique: hybrid_advanced
  Average evaded per team: 10.6/50
  Overall evasion rate: 21.2%

  Per-team breakdown:
    team_1: 0/50
    team_10: 0/50
    team_11: 1/50
    team_12: 0/0
    team_13: 0/50
    team_14: 0/50
    team_16: 47/50
    team_17: 50/50
    team_3: 50/50
    team_4: 0/50
    team_5: 10/50
    team_6: 1/50
    team_7: 0/50
    team_8: 0/50
    team_9: 0/50

📈 COMPARISON WITH PREVIOUS TECHNIQUES:
  Previous best (dropper): 28.2% evasion
  Advanced hybrid: 21.2% evasion
  ⚠️  Performance below dropper technique

Stopping all models...
All models stopped

================================================================================
Full results: /home/gamdhameet/Attack/results/hybrid_advanced_20251015_145656.csv
================================================================================

