Stopping any existing Docker containers...
Starting all models in parallel...
======================================================================
  âœ— team_1 failed to start
  âœStopping any existing Docker containers...
Starting all models in parallel...
======================================================================
  âœ— team_1 failed to start
  âœ“ team_4 running on port 8082
  âœ“ team_13 running on port 8091
  âœ“ team_6 running on port 8084
  âœ“ team_9 running on port 8087
  âœ“ team_12 running on port 8090
  âœ“ team_3 running on port 8081
  âœ“ team_16 running on port 8093
  âœ“ team_5 running on port 8083
  âœ“ team_14 running on port 8092
  âœ“ team_17 running on port 8094
  âœ“ team_8 running on port 8086
  âœ“ team_11 running on port 8089
  âœ“ team_7 running on port 8085
  âœ“ team_10 running on port 8088

14/15 models started successfully
Waiting 5 seconds for full initialization...
======================================================================
Technique 'append_random': 50 samples
Technique 'combined': 50 samples
Technique 'dead_code': 50 samples
Technique 'dropper': 50 samples
Technique 'mimicry': 50 samples
Technique 'packer': 50 samples
Technique 'pe_header': 50 samples
Technique 'xor_encoding': 50 samples

Testing 8 techniques against 14 models
Output: /home/gamdhameet/Attack/results/technique_scores_20251015_144128.csv

[1/8] Testing technique: append_random (50 samples)
  team_13: 0/50 evaded (0.0%)
  team_3: 50/50 evaded (100.0%)
  team_5: 0/50 evaded (0.0%)
  team_11: 0/50 evaded (0.0%)
  team_8: 0/50 evaded (0.0%)
  team_14: 0/50 evaded (0.0%)
  team_4: 0/50 evaded (0.0%)
  team_6: 0/50 evaded (0.0%)
  team_12: 3/50 evaded (6.0%)
  team_10: 0/50 evaded (0.0%)
  team_16: 0/50 evaded (0.0%)
  team_9: 0/50 evaded (0.0%)
  team_17: 1/50 evaded (2.0%)
  team_7: 0/50 evaded (0.0%)
  â†’ Average: 3.9/50 evaded per team (7.7%)

[2/8] Testing technique: combined (50 samples)
  team_3: 50/50 evaded (100.0%)
  team_13: 0/50 evaded (0.0%)
  team_5: 0/50 evaded (0.0%)
  team_8: 0/50 evaded (0.0%)
  team_11: 0/50 evaded (0.0%)
  team_14: 0/50 evaded (0.0%)
  team_4: 16/50 evaded (32.0%)
  team_6: 0/50 evaded (0.0%)
  team_12: 4/50 evaded (8.0%)
  team_10: 0/50 evaded (0.0%)
  team_16: 0/50 evaded (0.0%)
  team_9: 0/50 evaded (0.0%)
  team_17: 1/50 evaded (2.0%)
  team_7: 0/50 evaded (0.0%)
  â†’ Average: 5.1/50 evaded per team (10.1%)

[3/8] Testing technique: dead_code (50 samples)
  team_3: 50/50 evaded (100.0%)
  team_13: 0/50 evaded (0.0%)
  team_8: 0/50 evaded (0.0%)
  team_5: 0/50 evaded (0.0%)
  team_11: 0/50 evaded (0.0%)
  team_14: 0/50 evaded (0.0%)
  team_6: 0/50 evaded (0.0%)
  team_4: 35/50 evaded (70.0%)
  team_12: 3/50 evaded (6.0%)
  team_16: 0/50 evaded (0.0%)
  team_10: 0/50 evaded (0.0%)
  team_9: 0/50 evaded (0.0%)
  team_17: 1/50 evaded (2.0%)
  team_7: 0/50 evaded (0.0%)
  â†’ Average: 6.4/50 evaded per team (12.7%)

[4/8] Testing technique: dropper (50 samples)
  team_3: 50/50 evaded (100.0%)
  team_14: 0/50 evaded (0.0%)
  team_12: 0/0 evaded (0.0%)
  team_13: 0/50 evaded (0.0%)
  team_8: 0/50 evaded (0.0%)
  team_5: 31/50 evaded (62.0%)
  team_6: 43/50 evaded (86.0%)
  team_16: 24/50 evaded (48.0%)
  team_10: 0/50 evaded (0.0%)
  team_11: 50/50 evaded (100.0%)
  team_4: 0/50 evaded (0.0%)
  team_9: 0/50 evaded (0.0%)
  team_17: 0/50 evaded (0.0%)
  team_7: 0/50 evaded (0.0%)
  â†’ Average: 14.1/50 evaded per team (28.3%)

[5/8] Testing technique: mimicry (50 samples)
  team_3: 50/50 evaded (100.0%)
  team_14: 0/50 evaded (0.0%)
  team_11: 0/0 evaded (0.0%)
  team_12: 0/0 evaded (0.0%)
  team_13: 0/50 evaded (0.0%)
  team_8: 0/50 evaded (0.0%)
  team_5: 6/50 evaded (12.0%)
  team_6: 8/50 evaded (16.0%)
  team_4: 0/50 evaded (0.0%)
  team_16: 3/50 evaded (6.0%)
  team_10: 0/50 evaded (0.0%)
  team_9: 0/50 evaded (0.0%)
  team_17: 1/50 evaded (2.0%)
  team_7: 0/50 evaded (0.0%)
  â†’ Average: 4.9/50 evaded per team (9.7%)

[6/8] Testing technique: packer (50 samples)
  team_11: 0/0 evaded (0.0%)
  team_3: 50/50 evaded (100.0%)
  team_13: 0/50 evaded (0.0%)
  team_5: 0/50 evaded (0.0%)
  team_8: 0/50 evaded (0.0%)
  team_14: 0/50 evaded (0.0%)
  team_6: 3/50 evaded (6.0%)
  team_4: 0/50 evaded (0.0%)
  team_12: 1/50 evaded (2.0%)
  team_10: 0/50 evaded (0.0%)
  team_16: 0/50 evaded (0.0%)
  team_9: 0/50 evaded (0.0%)
  team_17: 0/50 evaded (0.0%)
  team_7: 0/50 evaded (0.0%)
  â†’ Average: 3.9/50 evaded per team (7.7%)

[7/8] Testing technique: pe_header (50 samples)
  team_11: 0/0 evaded (0.0%)
  team_3: 50/50 evaded (100.0%)
  team_13: 0/50 evaded (0.0%)
  team_5: 0/50 evaded (0.0%)
  team_8: 0/50 evaded (0.0%)
  team_14: 0/50 evaded (0.0%)
  team_4: 0/50 evaded (0.0%)
  team_6: 3/50 evaded (6.0%)
  team_12: 4/50 evaded (8.0%)
  team_16: 0/50 evaded (0.0%)
  team_10: 0/50 evaded (0.0%)
  team_9: 0/50 evaded (0.0%)
  team_17: 1/50 evaded (2.0%)
  team_7: 0/50 evaded (0.0%)
  â†’ Average: 4.1/50 evaded per team (8.3%)

[8/8] Testing technique: xor_encoding (50 samples)
  team_11: 0/0 evaded (0.0%)
  team_3: 50/50 evaded (100.0%)
  team_13: 0/50 evaded (0.0%)
  team_5: 0/50 evaded (0.0%)
  team_8: 0/44 evaded (0.0%)
  team_14: 0/50 evaded (0.0%)
  team_6: 1/50 evaded (2.0%)
  team_12: 30/50 evaded (60.0%)
  team_16: 0/50 evaded (0.0%)
  team_10: 2/50 evaded (4.0%)
  team_4: 0/50 evaded (0.0%)
  team_9: 0/50 evaded (0.0%)
  team_17: 2/50 evaded (4.0%)
  team_7: 0/50 evaded (0.0%)
  â†’ Average: 6.1/50 evaded per team (12.1%)

======================================================================
Testing complete!
Results saved to: /home/gamdhameet/Attack/results/technique_scores_20251015_144128.csv

SUMMARY BY TECHNIQUE:
----------------------------------------------------------------------
  append_random   Avg evaded per team: 3.9/50
  combined        Avg evaded per team: 5.1/50
  dead_code       Avg evaded per team: 6.4/50
  dropper         Avg evaded per team: 14.1/50
  mimicry         Avg evaded per team: 4.9/50
  packer          Avg evaded per team: 3.9/50
  pe_header       Avg evaded per team: 4.1/50
  xor_encoding    Avg evaded per team: 6.1/50

Stopping all models...
All models stopped
